{"/home/karla/move-mentor-backend/src/database.js": {"path":"/home/karla/move-mentor-backend/src/database.js","statementMap":{"0":{"start":{"line":2,"column":17},"end":{"line":2,"column":36}},"1":{"start":{"line":6,"column":2},"end":{"line":6,"column":38}},"2":{"start":{"line":10,"column":2},"end":{"line":10,"column":36}},"3":{"start":{"line":13,"column":0},"end":{"line":16,"column":1}}},"fnMap":{"0":{"name":"databaseConnector","decl":{"start":{"line":5,"column":15},"end":{"line":5,"column":32}},"loc":{"start":{"line":5,"column":45},"end":{"line":7,"column":1}},"line":5},"1":{"name":"databaseDisconnector","decl":{"start":{"line":9,"column":15},"end":{"line":9,"column":35}},"loc":{"start":{"line":9,"column":37},"end":{"line":11,"column":1}},"line":9}},"branchMap":{},"s":{"0":3,"1":3,"2":0,"3":3},"f":{"0":3,"1":0},"b":{},"_coverageSchema":"1a1c01bbd47fc00a2c39e90264f33305004495a9","hash":"03b994963eaf5e3e7a8689f7df92a065a054a7b2"}
,"/home/karla/move-mentor-backend/src/server.js": {"path":"/home/karla/move-mentor-backend/src/server.js","statementMap":{"0":{"start":{"line":2,"column":15},"end":{"line":2,"column":32}},"1":{"start":{"line":3,"column":0},"end":{"line":3,"column":16}},"2":{"start":{"line":6,"column":16},"end":{"line":6,"column":34}},"3":{"start":{"line":7,"column":17},"end":{"line":7,"column":36}},"4":{"start":{"line":8,"column":12},"end":{"line":8,"column":21}},"5":{"start":{"line":11,"column":13},"end":{"line":11,"column":37}},"6":{"start":{"line":12,"column":13},"end":{"line":12,"column":44}},"7":{"start":{"line":15,"column":15},"end":{"line":15,"column":32}},"8":{"start":{"line":16,"column":0},"end":{"line":16,"column":18}},"9":{"start":{"line":17,"column":0},"end":{"line":17,"column":47}},"10":{"start":{"line":18,"column":0},"end":{"line":18,"column":33}},"11":{"start":{"line":19,"column":0},"end":{"line":23,"column":4}},"12":{"start":{"line":26,"column":13},"end":{"line":26,"column":28}},"13":{"start":{"line":27,"column":18},"end":{"line":30,"column":1}},"14":{"start":{"line":31,"column":0},"end":{"line":31,"column":27}},"15":{"start":{"line":34,"column":0},"end":{"line":34,"column":24}},"16":{"start":{"line":35,"column":0},"end":{"line":35,"column":45}},"17":{"start":{"line":38,"column":18},"end":{"line":38,"column":20}},"18":{"start":{"line":39,"column":0},"end":{"line":52,"column":1}},"19":{"start":{"line":41,"column":4},"end":{"line":41,"column":63}},"20":{"start":{"line":42,"column":4},"end":{"line":42,"column":10}},"21":{"start":{"line":44,"column":4},"end":{"line":44,"column":70}},"22":{"start":{"line":45,"column":4},"end":{"line":45,"column":10}},"23":{"start":{"line":47,"column":4},"end":{"line":47,"column":43}},"24":{"start":{"line":48,"column":4},"end":{"line":48,"column":10}},"25":{"start":{"line":50,"column":4},"end":{"line":50,"column":86}},"26":{"start":{"line":51,"column":4},"end":{"line":51,"column":10}},"27":{"start":{"line":54,"column":28},"end":{"line":54,"column":49}},"28":{"start":{"line":55,"column":0},"end":{"line":60,"column":3}},"29":{"start":{"line":56,"column":1},"end":{"line":56,"column":38}},"30":{"start":{"line":58,"column":1},"end":{"line":58,"column":91}},"31":{"start":{"line":59,"column":1},"end":{"line":59,"column":19}},"32":{"start":{"line":63,"column":0},"end":{"line":75,"column":3}},"33":{"start":{"line":64,"column":22},"end":{"line":64,"column":52}},"34":{"start":{"line":65,"column":21},"end":{"line":65,"column":45}},"35":{"start":{"line":66,"column":23},"end":{"line":66,"column":55}},"36":{"start":{"line":67,"column":21},"end":{"line":67,"column":45}},"37":{"start":{"line":69,"column":2},"end":{"line":74,"column":4}},"38":{"start":{"line":77,"column":0},"end":{"line":81,"column":3}},"39":{"start":{"line":78,"column":2},"end":{"line":80,"column":5}},"40":{"start":{"line":83,"column":20},"end":{"line":83,"column":52}},"41":{"start":{"line":84,"column":0},"end":{"line":84,"column":30}},"42":{"start":{"line":86,"column":22},"end":{"line":86,"column":56}},"43":{"start":{"line":87,"column":0},"end":{"line":87,"column":34}},"44":{"start":{"line":89,"column":22},"end":{"line":89,"column":56}},"45":{"start":{"line":90,"column":0},"end":{"line":90,"column":34}},"46":{"start":{"line":92,"column":20},"end":{"line":92,"column":52}},"47":{"start":{"line":93,"column":0},"end":{"line":93,"column":30}},"48":{"start":{"line":96,"column":0},"end":{"line":101,"column":3}},"49":{"start":{"line":97,"column":2},"end":{"line":100,"column":5}},"50":{"start":{"line":103,"column":0},"end":{"line":107,"column":1}}},"fnMap":{"0":{"name":"(anonymous_0)","decl":{"start":{"line":55,"column":36},"end":{"line":55,"column":37}},"loc":{"start":{"line":55,"column":41},"end":{"line":57,"column":1}},"line":55},"1":{"name":"(anonymous_1)","decl":{"start":{"line":57,"column":9},"end":{"line":57,"column":10}},"loc":{"start":{"line":57,"column":18},"end":{"line":60,"column":1}},"line":57},"2":{"name":"(anonymous_2)","decl":{"start":{"line":63,"column":27},"end":{"line":63,"column":28}},"loc":{"start":{"line":63,"column":50},"end":{"line":75,"column":1}},"line":63},"3":{"name":"(anonymous_3)","decl":{"start":{"line":77,"column":13},"end":{"line":77,"column":14}},"loc":{"start":{"line":77,"column":36},"end":{"line":81,"column":1}},"line":77},"4":{"name":"(anonymous_4)","decl":{"start":{"line":96,"column":13},"end":{"line":96,"column":14}},"loc":{"start":{"line":96,"column":36},"end":{"line":101,"column":1}},"line":96}},"branchMap":{"0":{"loc":{"start":{"line":11,"column":13},"end":{"line":11,"column":37}},"type":"binary-expr","locations":[{"start":{"line":11,"column":13},"end":{"line":11,"column":29}},{"start":{"line":11,"column":33},"end":{"line":11,"column":37}}],"line":11},"1":{"loc":{"start":{"line":12,"column":13},"end":{"line":12,"column":44}},"type":"binary-expr","locations":[{"start":{"line":12,"column":13},"end":{"line":12,"column":29}},{"start":{"line":12,"column":33},"end":{"line":12,"column":44}}],"line":12},"2":{"loc":{"start":{"line":39,"column":0},"end":{"line":52,"column":1}},"type":"switch","locations":[{"start":{"line":40,"column":2},"end":{"line":42,"column":10}},{"start":{"line":43,"column":2},"end":{"line":45,"column":10}},{"start":{"line":46,"column":2},"end":{"line":48,"column":10}},{"start":{"line":49,"column":2},"end":{"line":51,"column":10}}],"line":39}},"s":{"0":3,"1":3,"2":3,"3":3,"4":3,"5":3,"6":3,"7":3,"8":3,"9":3,"10":3,"11":3,"12":3,"13":3,"14":3,"15":3,"16":3,"17":3,"18":3,"19":3,"20":3,"21":0,"22":0,"23":0,"24":0,"25":0,"26":0,"27":3,"28":3,"29":3,"30":0,"31":0,"32":3,"33":0,"34":0,"35":0,"36":0,"37":0,"38":3,"39":2,"40":3,"41":3,"42":3,"43":3,"44":3,"45":3,"46":3,"47":3,"48":3,"49":0,"50":3},"f":{"0":3,"1":0,"2":0,"3":2,"4":0},"b":{"0":[3,3],"1":[3,3],"2":[3,0,0,0]},"_coverageSchema":"1a1c01bbd47fc00a2c39e90264f33305004495a9","hash":"21d54c9a0c55f8a8420bd1d566144ca28c381bf8"}
,"/home/karla/move-mentor-backend/src/controllers/students_controller.js": {"path":"/home/karla/move-mentor-backend/src/controllers/students_controller.js","statementMap":{"0":{"start":{"line":1,"column":16},"end":{"line":1,"column":45}},"1":{"start":{"line":2,"column":15},"end":{"line":2,"column":43}},"2":{"start":{"line":3,"column":15},"end":{"line":3,"column":32}},"3":{"start":{"line":4,"column":31},"end":{"line":4,"column":72}},"4":{"start":{"line":7,"column":22},"end":{"line":43,"column":1}},"5":{"start":{"line":10,"column":19},"end":{"line":20,"column":4}},"6":{"start":{"line":22,"column":2},"end":{"line":42,"column":3}},"7":{"start":{"line":24,"column":28},"end":{"line":24,"column":78}},"8":{"start":{"line":25,"column":4},"end":{"line":27,"column":5}},"9":{"start":{"line":26,"column":6},"end":{"line":26,"column":79}},"10":{"start":{"line":30,"column":4},"end":{"line":30,"column":28}},"11":{"start":{"line":33,"column":25},"end":{"line":33,"column":77}},"12":{"start":{"line":35,"column":4},"end":{"line":38,"column":7}},"13":{"start":{"line":40,"column":4},"end":{"line":40,"column":25}},"14":{"start":{"line":41,"column":4},"end":{"line":41,"column":31}},"15":{"start":{"line":46,"column":21},"end":{"line":63,"column":1}},"16":{"start":{"line":48,"column":26},"end":{"line":48,"column":76}},"17":{"start":{"line":51,"column":2},"end":{"line":62,"column":3}},"18":{"start":{"line":52,"column":25},"end":{"line":52,"column":87}},"19":{"start":{"line":54,"column":4},"end":{"line":57,"column":6}},"20":{"start":{"line":61,"column":4},"end":{"line":61,"column":70}},"21":{"start":{"line":67,"column":27},"end":{"line":76,"column":1}},"22":{"start":{"line":70,"column":20},"end":{"line":70,"column":44}},"23":{"start":{"line":73,"column":16},"end":{"line":73,"column":84}},"24":{"start":{"line":75,"column":2},"end":{"line":75,"column":24}},"25":{"start":{"line":79,"column":23},"end":{"line":88,"column":1}},"26":{"start":{"line":81,"column":20},"end":{"line":81,"column":40}},"27":{"start":{"line":83,"column":2},"end":{"line":87,"column":3}},"28":{"start":{"line":84,"column":4},"end":{"line":84,"column":67}},"29":{"start":{"line":86,"column":4},"end":{"line":86,"column":50}},"30":{"start":{"line":90,"column":0},"end":{"line":90,"column":84}}},"fnMap":{"0":{"name":"(anonymous_0)","decl":{"start":{"line":7,"column":22},"end":{"line":7,"column":23}},"loc":{"start":{"line":7,"column":51},"end":{"line":43,"column":1}},"line":7},"1":{"name":"(anonymous_1)","decl":{"start":{"line":46,"column":21},"end":{"line":46,"column":22}},"loc":{"start":{"line":46,"column":50},"end":{"line":63,"column":1}},"line":46},"2":{"name":"(anonymous_2)","decl":{"start":{"line":67,"column":27},"end":{"line":67,"column":28}},"loc":{"start":{"line":67,"column":56},"end":{"line":76,"column":1}},"line":67},"3":{"name":"(anonymous_3)","decl":{"start":{"line":79,"column":23},"end":{"line":79,"column":24}},"loc":{"start":{"line":79,"column":52},"end":{"line":88,"column":1}},"line":79}},"branchMap":{"0":{"loc":{"start":{"line":25,"column":4},"end":{"line":27,"column":5}},"type":"if","locations":[{"start":{"line":25,"column":4},"end":{"line":27,"column":5}},{"start":{},"end":{}}],"line":25},"1":{"loc":{"start":{"line":51,"column":2},"end":{"line":62,"column":3}},"type":"if","locations":[{"start":{"line":51,"column":2},"end":{"line":62,"column":3}},{"start":{"line":60,"column":9},"end":{"line":62,"column":3}}],"line":51},"2":{"loc":{"start":{"line":51,"column":6},"end":{"line":51,"column":92}},"type":"binary-expr","locations":[{"start":{"line":51,"column":6},"end":{"line":51,"column":21}},{"start":{"line":51,"column":25},"end":{"line":51,"column":92}}],"line":51},"3":{"loc":{"start":{"line":83,"column":2},"end":{"line":87,"column":3}},"type":"if","locations":[{"start":{"line":83,"column":2},"end":{"line":87,"column":3}},{"start":{"line":85,"column":9},"end":{"line":87,"column":3}}],"line":83}},"s":{"0":3,"1":3,"2":3,"3":3,"4":3,"5":2,"6":2,"7":2,"8":2,"9":2,"10":0,"11":0,"12":0,"13":0,"14":0,"15":3,"16":0,"17":0,"18":0,"19":0,"20":0,"21":3,"22":0,"23":0,"24":0,"25":3,"26":0,"27":0,"28":0,"29":0,"30":3},"f":{"0":2,"1":0,"2":0,"3":0},"b":{"0":[2,0],"1":[0,0],"2":[0,0],"3":[0,0]},"_coverageSchema":"1a1c01bbd47fc00a2c39e90264f33305004495a9","hash":"7c7714b4efd171c4cb0fcc7034b1e606227c73c8"}
,"/home/karla/move-mentor-backend/src/models/lessons.js": {"path":"/home/karla/move-mentor-backend/src/models/lessons.js","statementMap":{"0":{"start":{"line":1,"column":17},"end":{"line":1,"column":36}},"1":{"start":{"line":3,"column":21},"end":{"line":17,"column":2}},"2":{"start":{"line":19,"column":15},"end":{"line":19,"column":53}},"3":{"start":{"line":21,"column":0},"end":{"line":21,"column":23}}},"fnMap":{},"branchMap":{},"s":{"0":3,"1":3,"2":3,"3":3},"f":{},"b":{},"_coverageSchema":"1a1c01bbd47fc00a2c39e90264f33305004495a9","hash":"cb04c768ce90b180e9d2f8c3eab0cf4dcedae5c7"}
,"/home/karla/move-mentor-backend/src/models/students.js": {"path":"/home/karla/move-mentor-backend/src/models/students.js","statementMap":{"0":{"start":{"line":1,"column":17},"end":{"line":1,"column":36}},"1":{"start":{"line":3,"column":22},"end":{"line":23,"column":2}},"2":{"start":{"line":25,"column":16},"end":{"line":25,"column":56}},"3":{"start":{"line":27,"column":0},"end":{"line":27,"column":24}}},"fnMap":{},"branchMap":{},"s":{"0":3,"1":3,"2":3,"3":3},"f":{},"b":{},"_coverageSchema":"1a1c01bbd47fc00a2c39e90264f33305004495a9","hash":"3e83fe5df1b64d4f3a1ed1cb9be736a00c77f5c3"}
,"/home/karla/move-mentor-backend/src/routes/lessons_routes.js": {"path":"/home/karla/move-mentor-backend/src/routes/lessons_routes.js","statementMap":{"0":{"start":{"line":2,"column":16},"end":{"line":2,"column":34}},"1":{"start":{"line":5,"column":22},"end":{"line":5,"column":38}},"2":{"start":{"line":8,"column":0},"end":{"line":12,"column":2}},"3":{"start":{"line":9,"column":2},"end":{"line":11,"column":3}},"4":{"start":{"line":15,"column":0},"end":{"line":20,"column":2}},"5":{"start":{"line":17,"column":2},"end":{"line":19,"column":3}},"6":{"start":{"line":23,"column":0},"end":{"line":27,"column":2}},"7":{"start":{"line":24,"column":2},"end":{"line":26,"column":3}},"8":{"start":{"line":30,"column":0},"end":{"line":35,"column":2}},"9":{"start":{"line":32,"column":2},"end":{"line":34,"column":3}},"10":{"start":{"line":37,"column":0},"end":{"line":37,"column":30}}},"fnMap":{"0":{"name":"(anonymous_0)","decl":{"start":{"line":8,"column":26},"end":{"line":8,"column":27}},"loc":{"start":{"line":8,"column":49},"end":{"line":12,"column":1}},"line":8},"1":{"name":"(anonymous_1)","decl":{"start":{"line":15,"column":32},"end":{"line":15,"column":33}},"loc":{"start":{"line":15,"column":55},"end":{"line":20,"column":1}},"line":15},"2":{"name":"(anonymous_2)","decl":{"start":{"line":23,"column":40},"end":{"line":23,"column":41}},"loc":{"start":{"line":23,"column":63},"end":{"line":27,"column":1}},"line":23},"3":{"name":"(anonymous_3)","decl":{"start":{"line":30,"column":43},"end":{"line":30,"column":44}},"loc":{"start":{"line":30,"column":66},"end":{"line":35,"column":1}},"line":30}},"branchMap":{},"s":{"0":3,"1":3,"2":3,"3":0,"4":3,"5":0,"6":3,"7":0,"8":3,"9":0,"10":3},"f":{"0":0,"1":0,"2":0,"3":0},"b":{},"_coverageSchema":"1a1c01bbd47fc00a2c39e90264f33305004495a9","hash":"b8359c1651b716bdcad7457c62aebbe4e5fc28d0"}
,"/home/karla/move-mentor-backend/src/routes/moves_routes.js": {"path":"/home/karla/move-mentor-backend/src/routes/moves_routes.js","statementMap":{"0":{"start":{"line":2,"column":16},"end":{"line":2,"column":34}},"1":{"start":{"line":5,"column":20},"end":{"line":5,"column":36}},"2":{"start":{"line":8,"column":0},"end":{"line":12,"column":2}},"3":{"start":{"line":9,"column":2},"end":{"line":11,"column":3}},"4":{"start":{"line":15,"column":0},"end":{"line":19,"column":2}},"5":{"start":{"line":16,"column":2},"end":{"line":18,"column":3}},"6":{"start":{"line":23,"column":0},"end":{"line":28,"column":2}},"7":{"start":{"line":25,"column":2},"end":{"line":27,"column":3}},"8":{"start":{"line":32,"column":0},"end":{"line":37,"column":2}},"9":{"start":{"line":34,"column":2},"end":{"line":36,"column":3}},"10":{"start":{"line":39,"column":0},"end":{"line":39,"column":28}}},"fnMap":{"0":{"name":"(anonymous_0)","decl":{"start":{"line":8,"column":35},"end":{"line":8,"column":36}},"loc":{"start":{"line":8,"column":58},"end":{"line":12,"column":1}},"line":8},"1":{"name":"(anonymous_1)","decl":{"start":{"line":15,"column":43},"end":{"line":15,"column":44}},"loc":{"start":{"line":15,"column":66},"end":{"line":19,"column":1}},"line":15},"2":{"name":"(anonymous_2)","decl":{"start":{"line":23,"column":51},"end":{"line":23,"column":52}},"loc":{"start":{"line":23,"column":74},"end":{"line":28,"column":1}},"line":23},"3":{"name":"(anonymous_3)","decl":{"start":{"line":32,"column":51},"end":{"line":32,"column":52}},"loc":{"start":{"line":32,"column":74},"end":{"line":37,"column":1}},"line":32}},"branchMap":{},"s":{"0":3,"1":3,"2":3,"3":0,"4":3,"5":0,"6":3,"7":0,"8":3,"9":0,"10":3},"f":{"0":0,"1":0,"2":0,"3":0},"b":{},"_coverageSchema":"1a1c01bbd47fc00a2c39e90264f33305004495a9","hash":"f48522e390554f9d0c251d3d657dea2c7181f10c"}
,"/home/karla/move-mentor-backend/src/routes/options_routes.js": {"path":"/home/karla/move-mentor-backend/src/routes/options_routes.js","statementMap":{"0":{"start":{"line":2,"column":16},"end":{"line":2,"column":34}},"1":{"start":{"line":5,"column":22},"end":{"line":5,"column":38}},"2":{"start":{"line":8,"column":0},"end":{"line":13,"column":2}},"3":{"start":{"line":10,"column":2},"end":{"line":12,"column":3}},"4":{"start":{"line":15,"column":0},"end":{"line":15,"column":30}}},"fnMap":{"0":{"name":"(anonymous_0)","decl":{"start":{"line":8,"column":23},"end":{"line":8,"column":24}},"loc":{"start":{"line":8,"column":46},"end":{"line":13,"column":1}},"line":8}},"branchMap":{},"s":{"0":3,"1":3,"2":3,"3":0,"4":3},"f":{"0":0},"b":{},"_coverageSchema":"1a1c01bbd47fc00a2c39e90264f33305004495a9","hash":"1e7f89e85affe8bb6a3d5901902fa350ea871238"}
,"/home/karla/move-mentor-backend/src/routes/users_routes.js": {"path":"/home/karla/move-mentor-backend/src/routes/users_routes.js","statementMap":{"0":{"start":{"line":2,"column":16},"end":{"line":2,"column":34}},"1":{"start":{"line":3,"column":76},"end":{"line":3,"column":121}},"2":{"start":{"line":4,"column":46},"end":{"line":4,"column":93}},"3":{"start":{"line":7,"column":20},"end":{"line":7,"column":36}},"4":{"start":{"line":12,"column":0},"end":{"line":14,"column":2}},"5":{"start":{"line":13,"column":2},"end":{"line":13,"column":81}},"6":{"start":{"line":17,"column":0},"end":{"line":18,"column":16}},"7":{"start":{"line":21,"column":0},"end":{"line":23,"column":2}},"8":{"start":{"line":22,"column":2},"end":{"line":22,"column":80}},"9":{"start":{"line":26,"column":0},"end":{"line":26,"column":48}},"10":{"start":{"line":30,"column":0},"end":{"line":30,"column":66}},"11":{"start":{"line":33,"column":0},"end":{"line":33,"column":47}},"12":{"start":{"line":37,"column":0},"end":{"line":41,"column":2}},"13":{"start":{"line":38,"column":2},"end":{"line":40,"column":3}},"14":{"start":{"line":45,"column":0},"end":{"line":49,"column":2}},"15":{"start":{"line":46,"column":2},"end":{"line":48,"column":3}},"16":{"start":{"line":57,"column":0},"end":{"line":61,"column":2}},"17":{"start":{"line":58,"column":2},"end":{"line":60,"column":3}},"18":{"start":{"line":65,"column":0},"end":{"line":69,"column":2}},"19":{"start":{"line":66,"column":2},"end":{"line":68,"column":3}},"20":{"start":{"line":73,"column":0},"end":{"line":77,"column":2}},"21":{"start":{"line":74,"column":2},"end":{"line":76,"column":3}},"22":{"start":{"line":79,"column":0},"end":{"line":79,"column":28}}},"fnMap":{"0":{"name":"(anonymous_0)","decl":{"start":{"line":12,"column":35},"end":{"line":12,"column":36}},"loc":{"start":{"line":12,"column":58},"end":{"line":14,"column":1}},"line":12},"1":{"name":"(anonymous_1)","decl":{"start":{"line":21,"column":34},"end":{"line":21,"column":35}},"loc":{"start":{"line":21,"column":57},"end":{"line":23,"column":1}},"line":21},"2":{"name":"(anonymous_2)","decl":{"start":{"line":37,"column":47},"end":{"line":37,"column":48}},"loc":{"start":{"line":37,"column":70},"end":{"line":41,"column":1}},"line":37},"3":{"name":"(anonymous_3)","decl":{"start":{"line":45,"column":50},"end":{"line":45,"column":51}},"loc":{"start":{"line":45,"column":73},"end":{"line":49,"column":1}},"line":45},"4":{"name":"(anonymous_4)","decl":{"start":{"line":57,"column":35},"end":{"line":57,"column":36}},"loc":{"start":{"line":57,"column":58},"end":{"line":61,"column":1}},"line":57},"5":{"name":"(anonymous_5)","decl":{"start":{"line":65,"column":40},"end":{"line":65,"column":41}},"loc":{"start":{"line":65,"column":63},"end":{"line":69,"column":1}},"line":65},"6":{"name":"(anonymous_6)","decl":{"start":{"line":73,"column":40},"end":{"line":73,"column":41}},"loc":{"start":{"line":73,"column":63},"end":{"line":77,"column":1}},"line":73}},"branchMap":{},"s":{"0":3,"1":3,"2":3,"3":3,"4":3,"5":2,"6":3,"7":3,"8":2,"9":3,"10":3,"11":3,"12":3,"13":0,"14":3,"15":0,"16":3,"17":0,"18":3,"19":0,"20":3,"21":0,"22":3},"f":{"0":2,"1":2,"2":0,"3":0,"4":0,"5":0,"6":0},"b":{},"_coverageSchema":"1a1c01bbd47fc00a2c39e90264f33305004495a9","hash":"0233d0e47a9f6c3367d35e283c6ec0b6c91efc0b"}
,"/home/karla/move-mentor-backend/src/services/users_auth_service.js": {"path":"/home/karla/move-mentor-backend/src/services/users_auth_service.js","statementMap":{"0":{"start":{"line":1,"column":12},"end":{"line":1,"column":35}},"1":{"start":{"line":4,"column":27},"end":{"line":18,"column":1}},"2":{"start":{"line":5,"column":2},"end":{"line":17,"column":3}},"3":{"start":{"line":22,"column":27},"end":{"line":28,"column":1}},"4":{"start":{"line":23,"column":2},"end":{"line":27,"column":3}},"5":{"start":{"line":24,"column":4},"end":{"line":24,"column":67}},"6":{"start":{"line":26,"column":4},"end":{"line":26,"column":36}},"7":{"start":{"line":34,"column":0},"end":{"line":34,"column":59}}},"fnMap":{"0":{"name":"(anonymous_0)","decl":{"start":{"line":4,"column":27},"end":{"line":4,"column":28}},"loc":{"start":{"line":4,"column":50},"end":{"line":18,"column":1}},"line":4},"1":{"name":"(anonymous_1)","decl":{"start":{"line":22,"column":27},"end":{"line":22,"column":28}},"loc":{"start":{"line":22,"column":45},"end":{"line":28,"column":1}},"line":22}},"branchMap":{},"s":{"0":3,"1":3,"2":0,"3":3,"4":0,"5":0,"6":0,"7":3},"f":{"0":0,"1":0},"b":{},"_coverageSchema":"1a1c01bbd47fc00a2c39e90264f33305004495a9","hash":"c266f32b0fd7ff5b0299505d15d0e0c907ebd2aa"}
,"/home/karla/move-mentor-backend/src/services/users_validation_service.js": {"path":"/home/karla/move-mentor-backend/src/services/users_validation_service.js","statementMap":{"0":{"start":{"line":1,"column":35},"end":{"line":1,"column":63}},"1":{"start":{"line":4,"column":24},"end":{"line":9,"column":1}},"2":{"start":{"line":12,"column":25},"end":{"line":20,"column":1}},"3":{"start":{"line":13,"column":27},"end":{"line":13,"column":48}},"4":{"start":{"line":15,"column":2},"end":{"line":17,"column":3}},"5":{"start":{"line":16,"column":4},"end":{"line":16,"column":70}},"6":{"start":{"line":19,"column":2},"end":{"line":19,"column":9}},"7":{"start":{"line":22,"column":0},"end":{"line":25,"column":2}}},"fnMap":{"0":{"name":"(anonymous_0)","decl":{"start":{"line":12,"column":25},"end":{"line":12,"column":26}},"loc":{"start":{"line":12,"column":45},"end":{"line":20,"column":1}},"line":12}},"branchMap":{"0":{"loc":{"start":{"line":15,"column":2},"end":{"line":17,"column":3}},"type":"if","locations":[{"start":{"line":15,"column":2},"end":{"line":17,"column":3}},{"start":{},"end":{}}],"line":15}},"s":{"0":3,"1":3,"2":3,"3":3,"4":3,"5":1,"6":2,"7":3},"f":{"0":3},"b":{"0":[1,2]},"_coverageSchema":"1a1c01bbd47fc00a2c39e90264f33305004495a9","hash":"b2640e77259aee2b7ee7ad1739186d2b5d2ac32f"}
}
