TN:
SF:src/database.js
FN:5,databaseConnector
FN:9,databaseDisconnector
FNF:2
FNH:1
FNDA:3,databaseConnector
FNDA:0,databaseDisconnector
DA:2,3
DA:6,3
DA:10,0
DA:13,3
LF:4
LH:3
BRF:0
BRH:0
end_of_record
TN:
SF:src/server.js
FN:55,(anonymous_0)
FN:57,(anonymous_1)
FN:63,(anonymous_2)
FN:77,(anonymous_3)
FN:96,(anonymous_4)
FNF:5
FNH:2
FNDA:3,(anonymous_0)
FNDA:0,(anonymous_1)
FNDA:0,(anonymous_2)
FNDA:2,(anonymous_3)
FNDA:0,(anonymous_4)
DA:2,3
DA:3,3
DA:6,3
DA:7,3
DA:8,3
DA:11,3
DA:12,3
DA:15,3
DA:16,3
DA:17,3
DA:18,3
DA:19,3
DA:26,3
DA:27,3
DA:31,3
DA:34,3
DA:35,3
DA:38,3
DA:39,3
DA:41,3
DA:42,3
DA:44,0
DA:45,0
DA:47,0
DA:48,0
DA:50,0
DA:51,0
DA:54,3
DA:55,3
DA:56,3
DA:58,0
DA:59,0
DA:63,3
DA:64,0
DA:65,0
DA:66,0
DA:67,0
DA:69,0
DA:77,3
DA:78,2
DA:83,3
DA:84,3
DA:86,3
DA:87,3
DA:89,3
DA:90,3
DA:92,3
DA:93,3
DA:96,3
DA:97,0
DA:103,3
LF:51
LH:37
BRDA:11,0,0,3
BRDA:11,0,1,3
BRDA:12,1,0,3
BRDA:12,1,1,3
BRDA:39,2,0,3
BRDA:39,2,1,0
BRDA:39,2,2,0
BRDA:39,2,3,0
BRF:8
BRH:5
end_of_record
TN:
SF:src/controllers/students_controller.js
FN:7,(anonymous_0)
FN:46,(anonymous_1)
FN:67,(anonymous_2)
FN:79,(anonymous_3)
FNF:4
FNH:1
FNDA:2,(anonymous_0)
FNDA:0,(anonymous_1)
FNDA:0,(anonymous_2)
FNDA:0,(anonymous_3)
DA:1,3
DA:2,3
DA:3,3
DA:4,3
DA:7,3
DA:10,2
DA:22,2
DA:24,2
DA:25,2
DA:26,2
DA:30,0
DA:33,0
DA:35,0
DA:40,0
DA:41,0
DA:46,3
DA:48,0
DA:51,0
DA:52,0
DA:54,0
DA:61,0
DA:67,3
DA:70,0
DA:73,0
DA:75,0
DA:79,3
DA:81,0
DA:83,0
DA:84,0
DA:86,0
DA:90,3
LF:31
LH:14
BRDA:25,0,0,2
BRDA:25,0,1,0
BRDA:51,1,0,0
BRDA:51,1,1,0
BRDA:51,2,0,0
BRDA:51,2,1,0
BRDA:83,3,0,0
BRDA:83,3,1,0
BRF:8
BRH:1
end_of_record
TN:
SF:src/models/lessons.js
FNF:0
FNH:0
DA:1,3
DA:3,3
DA:19,3
DA:21,3
LF:4
LH:4
BRF:0
BRH:0
end_of_record
TN:
SF:src/models/students.js
FNF:0
FNH:0
DA:1,3
DA:3,3
DA:25,3
DA:27,3
LF:4
LH:4
BRF:0
BRH:0
end_of_record
TN:
SF:src/routes/lessons_routes.js
FN:8,(anonymous_0)
FN:15,(anonymous_1)
FN:23,(anonymous_2)
FN:30,(anonymous_3)
FNF:4
FNH:0
FNDA:0,(anonymous_0)
FNDA:0,(anonymous_1)
FNDA:0,(anonymous_2)
FNDA:0,(anonymous_3)
DA:2,3
DA:5,3
DA:8,3
DA:9,0
DA:15,3
DA:17,0
DA:23,3
DA:24,0
DA:30,3
DA:32,0
DA:37,3
LF:11
LH:7
BRF:0
BRH:0
end_of_record
TN:
SF:src/routes/moves_routes.js
FN:8,(anonymous_0)
FN:15,(anonymous_1)
FN:23,(anonymous_2)
FN:32,(anonymous_3)
FNF:4
FNH:0
FNDA:0,(anonymous_0)
FNDA:0,(anonymous_1)
FNDA:0,(anonymous_2)
FNDA:0,(anonymous_3)
DA:2,3
DA:5,3
DA:8,3
DA:9,0
DA:15,3
DA:16,0
DA:23,3
DA:25,0
DA:32,3
DA:34,0
DA:39,3
LF:11
LH:7
BRF:0
BRH:0
end_of_record
TN:
SF:src/routes/options_routes.js
FN:8,(anonymous_0)
FNF:1
FNH:0
FNDA:0,(anonymous_0)
DA:2,3
DA:5,3
DA:8,3
DA:10,0
DA:15,3
LF:5
LH:4
BRF:0
BRH:0
end_of_record
TN:
SF:src/routes/users_routes.js
FN:12,(anonymous_0)
FN:21,(anonymous_1)
FN:37,(anonymous_2)
FN:45,(anonymous_3)
FN:57,(anonymous_4)
FN:65,(anonymous_5)
FN:73,(anonymous_6)
FNF:7
FNH:2
FNDA:2,(anonymous_0)
FNDA:2,(anonymous_1)
FNDA:0,(anonymous_2)
FNDA:0,(anonymous_3)
FNDA:0,(anonymous_4)
FNDA:0,(anonymous_5)
FNDA:0,(anonymous_6)
DA:2,3
DA:3,3
DA:4,3
DA:7,3
DA:12,3
DA:13,2
DA:17,3
DA:21,3
DA:22,2
DA:26,3
DA:30,3
DA:33,3
DA:37,3
DA:38,0
DA:45,3
DA:46,0
DA:57,3
DA:58,0
DA:65,3
DA:66,0
DA:73,3
DA:74,0
DA:79,3
LF:23
LH:18
BRF:0
BRH:0
end_of_record
TN:
SF:src/services/users_auth_service.js
FN:4,(anonymous_0)
FN:22,(anonymous_1)
FNF:2
FNH:0
FNDA:0,(anonymous_0)
FNDA:0,(anonymous_1)
DA:1,3
DA:4,3
DA:5,0
DA:22,3
DA:23,0
DA:24,0
DA:26,0
DA:34,3
LF:8
LH:4
BRF:0
BRH:0
end_of_record
TN:
SF:src/services/users_validation_service.js
FN:12,(anonymous_0)
FNF:1
FNH:1
FNDA:3,(anonymous_0)
DA:1,3
DA:4,3
DA:12,3
DA:13,3
DA:15,3
DA:16,1
DA:19,2
DA:22,3
LF:8
LH:8
BRDA:15,0,0,1
BRDA:15,0,1,2
BRF:2
BRH:2
end_of_record
